[ 2016-05-04T11:04:06+08:00 ] 127.0.0.1 /think/index.php/__MODULE__/Redirect/index.html
INFO: [ app_init ] --START--
INFO: Run Behavior\BuildLiteBehavior [ RunTime:0.000017s ]
INFO: [ app_init ] --END-- [ RunTime:0.000503s ]
ERR: 无法加载模块:__MODULE__

[ 2016-05-04T11:04:40+08:00 ] 127.0.0.1 /think/index.php/__MODULE__/Redirect/index.html
INFO: [ app_init ] --START--
INFO: Run Behavior\BuildLiteBehavior [ RunTime:0.000017s ]
INFO: [ app_init ] --END-- [ RunTime:0.000624s ]
ERR: 无法加载模块:__MODULE__

[ 2016-05-04T11:04:59+08:00 ] 127.0.0.1 /think/index.php/__MODULE__/Redirect/index.html
INFO: [ app_init ] --START--
INFO: Run Behavior\BuildLiteBehavior [ RunTime:0.000015s ]
INFO: [ app_init ] --END-- [ RunTime:0.000558s ]
ERR: 无法加载模块:__MODULE__

[ 2016-05-04T11:05:09+08:00 ] 127.0.0.1 /think/index.php/__APP__/Home/Redirect/index.html
INFO: [ app_init ] --START--
INFO: Run Behavior\BuildLiteBehavior [ RunTime:0.000017s ]
INFO: [ app_init ] --END-- [ RunTime:0.000483s ]
ERR: 无法加载模块:__APP__

[ 2016-05-04T11:55:52+08:00 ] 127.0.0.1 /think/index.php/Index/index
INFO: [ app_init ] --START--
INFO: Run Behavior\BuildLiteBehavior [ RunTime:0.000080s ]
INFO: [ app_init ] --END-- [ RunTime:0.001197s ]
ERR: 无法加载模块:Index

